  main.cpp
e:\yun\item\proj\vs\project1 - final_godsaveme\project1 - final\main.cpp(120): warning C4244: “初始化”: 从“double”转换到“unsigned short”，可能丢失数据
  interestPointLocate.cpp
e:\yun\item\proj\vs\project1 - final_godsaveme\project1 - final\interestpointlocate.cpp(810): warning C4244: “=”: 从“double”转换到“short”，可能丢失数据
e:\yun\item\proj\vs\project1 - final_godsaveme\project1 - final\interestpointlocate.cpp(811): warning C4244: “=”: 从“double”转换到“short”，可能丢失数据
  imgIO.cpp
e:\yun\item\proj\vs\project1 - final_godsaveme\project1 - final\imgio.cpp(209): warning C4244: “初始化”: 从“double”转换到“int”，可能丢失数据
e:\yun\item\proj\vs\project1 - final_godsaveme\project1 - final\imgio.cpp(215): warning C4244: “参数”: 从“double”转换到“float”，可能丢失数据
e:\yun\item\proj\vs\project1 - final_godsaveme\project1 - final\imgio.cpp(241): warning C4244: “初始化”: 从“double”转换到“int”，可能丢失数据
e:\yun\item\proj\vs\project1 - final_godsaveme\project1 - final\imgio.cpp(247): warning C4244: “参数”: 从“int”转换到“float”，可能丢失数据
e:\yun\item\proj\vs\project1 - final_godsaveme\project1 - final\imgio.cpp(248): warning C4244: “参数”: 从“int”转换到“float”，可能丢失数据
e:\yun\item\proj\vs\project1 - final_godsaveme\project1 - final\imgio.cpp(250): warning C4244: “参数”: 从“int”转换到“float”，可能丢失数据
e:\yun\item\proj\vs\project1 - final_godsaveme\project1 - final\imgio.cpp(251): warning C4244: “参数”: 从“int”转换到“float”，可能丢失数据
e:\yun\item\proj\vs\project1 - final_godsaveme\project1 - final\imgio.cpp(252): warning C4244: “参数”: 从“int”转换到“float”，可能丢失数据
e:\yun\item\proj\vs\project1 - final_godsaveme\project1 - final\imgio.cpp(273): warning C4244: “初始化”: 从“double”转换到“int”，可能丢失数据
e:\yun\item\proj\vs\project1 - final_godsaveme\project1 - final\imgio.cpp(274): warning C4244: “初始化”: 从“double”转换到“int”，可能丢失数据
e:\yun\item\proj\vs\project1 - final_godsaveme\project1 - final\imgio.cpp(277): warning C4244: “参数”: 从“double”转换到“int”，可能丢失数据
e:\yun\item\proj\vs\project1 - final_godsaveme\project1 - final\imgio.cpp(289): warning C4244: “初始化”: 从“double”转换到“int”，可能丢失数据
e:\yun\item\proj\vs\project1 - final_godsaveme\project1 - final\imgio.cpp(290): warning C4244: “初始化”: 从“double”转换到“int”，可能丢失数据
  正在生成代码...
  Project1.vcxproj -> E:\Yun\item\proj\vs\Project1 - Final_godSaveMe\Project1 - Final\Debug\Project1.exe
